<?xml version="1.0" encoding="utf-8"?><testsuites name="pytest tests"><testsuite name="pytest" errors="0" failures="0" skipped="0" tests="10" time="5.842" timestamp="2026-06-09T02:42:49.427857+00:00" hostname="agent-env-cd830a83-7f1d-4a94-aa6b-7f9d51a3f04c"><testcase classname="backend.tests.test_admin_dashboard.TestLoginEvents" name="test_dev_login_returns_session_token" time="0.494" /><testcase classname="backend.tests.test_admin_dashboard.TestLoginEvents" name="test_login_events_persisted_admin_min_3" time="0.242" /><testcase classname="backend.tests.test_admin_dashboard.TestAuthMeIsAdmin" name="test_admin_is_admin_true" time="0.122" /><testcase classname="backend.tests.test_admin_dashboard.TestAuthMeIsAdmin" name="test_non_admin_is_admin_false" time="0.282" /><testcase classname="backend.tests.test_admin_dashboard.TestAdminStats" name="test_admin_stats_200_and_shape" time="0.163" /><testcase classname="backend.tests.test_admin_dashboard.TestAdminStats" name="test_admin_stats_403_for_non_admin" time="0.116" /><testcase classname="backend.tests.test_admin_dashboard.TestAdminStats" name="test_admin_stats_401_no_token" time="0.147" /><testcase classname="backend.tests.test_admin_dashboard.TestRegressionSmoke" name="test_auth_me_works" time="0.151" /><testcase classname="backend.tests.test_admin_dashboard.TestRegressionSmoke" name="test_subscription_status_works" time="0.112" /><testcase classname="backend.tests.test_admin_dashboard.TestRegressionSmoke" name="test_ai_first_message_works" time="3.970" /></testsuite></testsuites>