<?xml version="1.0" encoding="utf-8"?><testsuites name="pytest tests"><testsuite name="pytest" errors="0" failures="0" skipped="0" tests="9" time="31.654" timestamp="2026-06-09T01:40:18.373621+00:00" hostname="agent-env-cd830a83-7f1d-4a94-aa6b-7f9d51a3f04c"><testcase classname="backend.tests.test_bio_opener.TestBioOpener" name="test_happy_path_returns_suggestions" time="13.065" /><testcase classname="backend.tests.test_bio_opener.TestBioOpener" name="test_data_url_prefix_is_stripped" time="3.782" /><testcase classname="backend.tests.test_bio_opener.TestBioOpener" name="test_missing_auth_returns_401" time="0.179" /><testcase classname="backend.tests.test_bio_opener.TestBioOpener" name="test_bad_token_returns_401" time="0.167" /><testcase classname="backend.tests.test_bio_opener.TestBioOpener" name="test_empty_image_returns_400" time="0.159" /><testcase classname="backend.tests.test_bio_opener.TestBioOpener" name="test_response_no_objectid_leak" time="4.936" /><testcase classname="backend.tests.test_bio_opener.TestExistingAiEndpointsRegression" name="test_first_message_text_based_still_works" time="4.633" /><testcase classname="backend.tests.test_bio_opener.TestExistingAiEndpointsRegression" name="test_screenshot_endpoint_still_works" time="4.532" /><testcase classname="backend.tests.test_bio_opener.TestExistingAiEndpointsRegression" name="test_screenshot_empty_b64_returns_400" time="0.174" /></testsuite></testsuites>