<?xml version="1.0" encoding="utf-8"?><testsuites name="pytest tests"><testsuite name="pytest" errors="0" failures="1" skipped="0" tests="18" time="24.869" timestamp="2026-06-08T22:18:01.284889+00:00" hostname="agent-env-cd830a83-7f1d-4a94-aa6b-7f9d51a3f04c"><testcase classname="backend.tests.test_loveassist_backend" name="test_root_health" time="0.336" /><testcase classname="backend.tests.test_loveassist_backend.TestAuth" name="test_dev_login_creates_user_with_trial" time="0.211" /><testcase classname="backend.tests.test_loveassist_backend.TestAuth" name="test_me_missing_token_returns_401" time="0.172" /><testcase classname="backend.tests.test_loveassist_backend.TestAuth" name="test_me_invalid_token_returns_401" time="0.167" /><testcase classname="backend.tests.test_loveassist_backend.TestAuth" name="test_logout_invalidates_session" time="0.320" /><testcase classname="backend.tests.test_loveassist_backend.TestSubscription" name="test_status_reflects_trialing" time="0.320" /><testcase classname="backend.tests.test_loveassist_backend.TestSubscription" name="test_start_trial_sets_7d" time="0.126" /><testcase classname="backend.tests.test_loveassist_backend.TestSubscription" name="test_upgrade_flips_to_active" time="0.382" /><testcase classname="backend.tests.test_loveassist_backend.TestAISuggestions" name="test_suggestions_normal_en" time="5.039" /><testcase classname="backend.tests.test_loveassist_backend.TestAISuggestions" name="test_suggestions_flirty_es" time="5.114" /><testcase classname="backend.tests.test_loveassist_backend.TestAISuggestions" name="test_first_message" time="4.955" /><testcase classname="backend.tests.test_loveassist_backend.TestAISuggestions" name="test_screenshot_with_tiny_jpeg" time="0.434"><failure message="AssertionError: {&quot;detail&quot;:&quot;AI error: Failed to generate chat completion: litellm.BadRequestError: OpenAIException - litellm.BadRequestError: AnthropicException - {\&quot;type\&quot;:\&quot;error\&quot;,\&quot;error\&quot;:{\&quot;type\&quot;:\&quot;invalid_request_error\&quot;,\&quot;message\&quot;:\&quot;Could not process image\&quot;},\&quot;request_id\&quot;:\&quot;req_011CbrZuz26XWCcgctieRFKy\&quot;}. Received Model Group=claude-sonnet-4-5-20250929\nAvailable Model Group Fallbacks=None&quot;}&#10;assert 500 == 200&#10; +  where 500 = &lt;Response [500]&gt;.status_code">backend/tests/test_loveassist_backend.py:175: in test_screenshot_with_tiny_jpeg
    assert r.status_code == 200, r.text
E   AssertionError: {"detail":"AI error: Failed to generate chat completion: litellm.BadRequestError: OpenAIException - litellm.BadRequestError: AnthropicException - {\"type\":\"error\",\"error\":{\"type\":\"invalid_request_error\",\"message\":\"Could not process image\"},\"request_id\":\"req_011CbrZuz26XWCcgctieRFKy\"}. Received Model Group=claude-sonnet-4-5-20250929\nAvailable Model Group Fallbacks=None"}
E   assert 500 == 200
E    +  where 500 = &lt;Response [500]&gt;.status_code</failure></testcase><testcase classname="backend.tests.test_loveassist_backend.TestAISuggestions" name="test_screenshot_missing_b64_returns_400" time="0.154" /><testcase classname="backend.tests.test_loveassist_backend.TestAISuggestions" name="test_exclusive_mode_works_for_trialing_user" time="3.440" /><testcase classname="backend.tests.test_loveassist_backend.TestAISuggestions" name="test_exclusive_blocked_when_no_sub" time="0.331" /><testcase classname="backend.tests.test_loveassist_backend.TestSafetyFilter" name="test_explicit_request_returns_tasteful_content" time="2.534" /><testcase classname="backend.tests.test_loveassist_backend.TestHistory" name="test_history_crud" time="0.502" /><testcase classname="backend.tests.test_loveassist_backend.TestSettings" name="test_update_settings" time="0.262" /></testsuite></testsuites>