<?xml version="1.0" encoding="utf-8"?><testsuites name="pytest tests"><testsuite name="pytest" errors="0" failures="0" skipped="1" tests="21" time="32.661" timestamp="2026-06-08T23:09:34.315969+00:00" hostname="agent-env-cd830a83-7f1d-4a94-aa6b-7f9d51a3f04c"><testcase classname="backend.tests.test_loveassist_backend" name="test_root_health" time="0.138" /><testcase classname="backend.tests.test_loveassist_backend.TestAuth" name="test_dev_login_creates_user_with_trial" time="0.187" /><testcase classname="backend.tests.test_loveassist_backend.TestAuth" name="test_me_missing_token_returns_401" time="0.142" /><testcase classname="backend.tests.test_loveassist_backend.TestAuth" name="test_me_invalid_token_returns_401" time="0.140" /><testcase classname="backend.tests.test_loveassist_backend.TestAuth" name="test_logout_invalidates_session" time="0.244" /><testcase classname="backend.tests.test_loveassist_backend.TestSubscription" name="test_status_reflects_trialing" time="0.307" /><testcase classname="backend.tests.test_loveassist_backend.TestSubscription" name="test_start_trial_sets_7d" time="0.121" /><testcase classname="backend.tests.test_loveassist_backend.TestSubscription" name="test_upgrade_flips_to_active" time="0.377" /><testcase classname="backend.tests.test_loveassist_backend.TestAISuggestions" name="test_suggestions_normal_en" time="4.010" /><testcase classname="backend.tests.test_loveassist_backend.TestAISuggestions" name="test_suggestions_flirty_es" time="4.392" /><testcase classname="backend.tests.test_loveassist_backend.TestAISuggestions" name="test_first_message" time="5.268" /><testcase classname="backend.tests.test_loveassist_backend.TestAISuggestions" name="test_screenshot_with_tiny_jpeg" time="3.431" /><testcase classname="backend.tests.test_loveassist_backend.TestAISuggestions" name="test_screenshot_missing_b64_returns_400" time="0.134" /><testcase classname="backend.tests.test_loveassist_backend.TestAISuggestions" name="test_exclusive_mode_works_for_trialing_user" time="2.732" /><testcase classname="backend.tests.test_loveassist_backend.TestAISuggestions" name="test_exclusive_blocked_when_no_sub" time="0.073"><skipped type="pytest.skip" message="MONGO_URL/DB_NAME not exposed to test process">/app/backend/tests/test_loveassist_backend.py:209: MONGO_URL/DB_NAME not exposed to test process</skipped></testcase><testcase classname="backend.tests.test_loveassist_backend.TestSafetyFilter" name="test_suggestions_explicit_blocked" time="1.624" /><testcase classname="backend.tests.test_loveassist_backend.TestSafetyFilter" name="test_first_message_explicit_blocked" time="2.183" /><testcase classname="backend.tests.test_loveassist_backend.TestSafetyFilter" name="test_screenshot_explicit_blocked" time="2.049" /><testcase classname="backend.tests.test_loveassist_backend.TestSafetyFilter" name="test_normal_suggestions_not_blocked_regression" time="4.375" /><testcase classname="backend.tests.test_loveassist_backend.TestHistory" name="test_history_crud" time="0.459" /><testcase classname="backend.tests.test_loveassist_backend.TestSettings" name="test_update_settings" time="0.246" /></testsuite></testsuites>