<?xml version="1.0" encoding="utf-8"?><testsuites name="pytest tests"><testsuite name="pytest" errors="0" failures="0" skipped="1" tests="14" time="54.143" timestamp="2026-06-08T23:55:53.098251+00:00" hostname="agent-env-cd830a83-7f1d-4a94-aa6b-7f9d51a3f04c"><testcase classname="backend.tests.test_round3_payments_translate.TestPaymentsPricing" name="test_pricing_no_auth_required" time="0.197" /><testcase classname="backend.tests.test_round3_payments_translate.TestRazorpaySimulated" name="test_create_link_returns_simulated" time="0.440" /><testcase classname="backend.tests.test_round3_payments_translate.TestRazorpaySimulated" name="test_verify_simulated_activates_premium" time="0.606" /><testcase classname="backend.tests.test_round3_payments_translate.TestPayPalSimulated" name="test_create_order_returns_simulated" time="0.225" /><testcase classname="backend.tests.test_round3_payments_translate.TestPayPalSimulated" name="test_capture_simulated_activates_premium" time="0.437" /><testcase classname="backend.tests.test_round3_payments_translate.TestTranslate" name="test_free_tier_returns_402_premium_required" time="0.184"><skipped type="pytest.skip" message="MONGO_URL/DB_NAME not exposed to test process">/app/backend/tests/test_round3_payments_translate.py:37: MONGO_URL/DB_NAME not exposed to test process</skipped></testcase><testcase classname="backend.tests.test_round3_payments_translate.TestTranslate" name="test_translate_korean_after_trial" time="3.225" /><testcase classname="backend.tests.test_round3_payments_translate.TestTranslate" name="test_translate_chinese_simplified" time="1.662" /><testcase classname="backend.tests.test_round3_payments_translate.TestTranslate" name="test_translate_safety_blocked_japanese" time="2.017" /><testcase classname="backend.tests.test_round3_payments_translate.TestTranslate" name="test_translate_empty_texts_returns_400" time="0.368" /><testcase classname="backend.tests.test_round3_payments_translate.TestAISuggestionsLanguageRegression" name="test_suggestions_korean" time="35.584" /><testcase classname="backend.tests.test_round3_payments_translate.TestAISuggestionsLanguageRegression" name="test_suggestions_japanese" time="6.172" /><testcase classname="backend.tests.test_round3_payments_translate.TestAISuggestionsLanguageRegression" name="test_suggestions_explicit_safety_blocked" time="2.492" /><testcase classname="backend.tests.test_round3_payments_translate.TestAuthSubscriptionSmoke" name="test_full_smoke_flow" time="0.473" /></testsuite></testsuites>